app/build/outputs/logs/manifest-merger-debug-report.txt
-- Merging decision tree log ---
manifest
ADDED from src/main/AndroidManifest.xml:17:1-53:12
	package
		ADDED from src/main/AndroidManifest.xml:18:11-48
		INJECTED from src/main/AndroidManifest.xml
		INJECTED from src/main/AndroidManifest.xml
	android:versionName
		ADDED from src/main/AndroidManifest.xml:20:11-36
		INJECTED from src/main/AndroidManifest.xml
		INJECTED from src/main/AndroidManifest.xml
	android:versionCode
		ADDED from src/main/AndroidManifest.xml:19:11-34
		INJECTED from src/main/AndroidManifest.xml
		INJECTED from src/main/AndroidManifest.xml
	xmlns:android
		ADDED from src/main/AndroidManifest.xml:17:11-69
uses-sdk
ADDED from src/main/AndroidManifest.xml:21:5-22:46
MERGED from [com.android.support:support-v4:24.2.1] AndroidManifest.xml:21:5-23:54
MERGED from [com.android.support:support-fragment:24.2.1] AndroidManifest.xml:21:5-23:60
MERGED from [com.android.support:support-media-compat:24.2.1] AndroidManifest.xml:21:5-23:63
MERGED from [com.android.support:support-core-ui:24.2.1] AndroidManifest.xml:21:5-23:58
MERGED from [com.android.support:support-core-utils:24.2.1] AndroidManifest.xml:21:5-23:61
MERGED from [com.android.support:support-compat:24.2.1] AndroidManifest.xml:21:5-23:58
MERGED from [HM10_TEST:graphview-4.0.1:unspecified] AndroidManifest.xml:7:5-9:41
	tools:overrideLibrary
		ADDED from [com.android.support:support-v4:24.2.1] AndroidManifest.xml:23:9-51
	android:targetSdkVersion
		ADDED from src/main/AndroidManifest.xml:22:15-44
		INJECTED from src/main/AndroidManifest.xml
		INJECTED from src/main/AndroidManifest.xml
	android:minSdkVersion
		ADDED from src/main/AndroidManifest.xml:21:15-41
		INJECTED from src/main/AndroidManifest.xml
		INJECTED from src/main/AndroidManifest.xml
uses-feature#android.hardware.bluetooth_le
ADDED from src/main/AndroidManifest.xml:27:5-89
	android:required
		ADDED from src/main/AndroidManifest.xml:27:64-87
	android:name
		ADDED from src/main/AndroidManifest.xml:27:19-63
uses-permission#android.permission.BLUETOOTH
ADDED from src/main/AndroidManifest.xml:29:5-67
	android:name
		ADDED from src/main/AndroidManifest.xml:29:22-65
uses-permission#android.permission.BLUETOOTH_ADMIN
ADDED from src/main/AndroidManifest.xml:30:5-73
	android:name
		ADDED from src/main/AndroidManifest.xml:30:22-71
uses-permission#android.permission.ACCESS_COARSE_LOCATION
ADDED from src/main/AndroidManifest.xml:33:5-80
	android:name
		ADDED from src/main/AndroidManifest.xml:33:22-78
uses-permission#android.permission.ACCESS_FINE_LOCATION
ADDED from src/main/AndroidManifest.xml:34:5-78
	android:name
		ADDED from src/main/AndroidManifest.xml:34:22-76
uses-permission#android.permission.INTERNET
ADDED from src/main/AndroidManifest.xml:35:5-67
	android:name
		ADDED from src/main/AndroidManifest.xml:35:22-64
application
ADDED from src/main/AndroidManifest.xml:38:5-52:19
MERGED from [com.android.support:support-v4:24.2.1] AndroidManifest.xml:25:5-20
MERGED from [com.android.support:support-fragment:24.2.1] AndroidManifest.xml:25:5-20
MERGED from [com.android.support:support-media-compat:24.2.1] AndroidManifest.xml:25:5-20
MERGED from [com.android.support:support-core-ui:24.2.1] AndroidManifest.xml:25:5-20
MERGED from [com.android.support:support-core-utils:24.2.1] AndroidManifest.xml:25:5-20
MERGED from [com.android.support:support-compat:24.2.1] AndroidManifest.xml:25:5-20
MERGED from [HM10_TEST:graphview-4.0.1:unspecified] AndroidManifest.xml:11:5-12:19
	android:label
		ADDED from src/main/AndroidManifest.xml:38:18-50
	android:icon
		ADDED from src/main/AndroidManifest.xml:39:18-54
	android:theme
		ADDED from src/main/AndroidManifest.xml:40:18-65
activity#com.polkapolka.bluetooth.le.DeviceScanActivity
ADDED from src/main/AndroidManifest.xml:41:9-47:20
	android:label
		ADDED from src/main/AndroidManifest.xml:42:19-51
	android:name
		ADDED from src/main/AndroidManifest.xml:41:19-53
intent-filter#android.intent.action.MAIN+android.intent.category.LAUNCHER
ADDED from src/main/AndroidManifest.xml:43:13-46:29
action#android.intent.action.MAIN
ADDED from src/main/AndroidManifest.xml:44:17-68
	android:name
		ADDED from src/main/AndroidManifest.xml:44:25-66
category#android.intent.category.LAUNCHER
ADDED from src/main/AndroidManifest.xml:45:17-76
	android:name
		ADDED from src/main/AndroidManifest.xml:45:27-74
activity#com.polkapolka.bluetooth.le.DeviceControlActivity
ADDED from src/main/AndroidManifest.xml:48:9-58
	android:name
		ADDED from src/main/AndroidManifest.xml:48:19-56
activity#com.polkapolka.bluetooth.le.ChartActivity
ADDED from src/main/AndroidManifest.xml:49:9-50
	android:name
		ADDED from src/main/AndroidManifest.xml:49:19-48
activity#com.polkapolka.bluetooth.le.CheckActivity
ADDED from src/main/AndroidManifest.xml:50:9-50
	android:name
		ADDED from src/main/AndroidManifest.xml:50:19-48
service#com.polkapolka.bluetooth.le.BluetoothLeService
ADDED from src/main/AndroidManifest.xml:51:9-77
	android:enabled
		ADDED from src/main/AndroidManifest.xml:51:53-75
	android:name
		ADDED from src/main/AndroidManifest.xml:51:18-52